Solving Air Cargo Problem 1 using breadth_first_search...

Expansions   Goal Tests   New Nodes
    43          56         180

Plan length: 6  Time elapsed in seconds: 0.03002137297880836
Load(C1, P1, SFO)
Load(C2, P2, JFK)
Fly(P2, JFK, SFO)
Unload(C2, P2, SFO)
Fly(P1, SFO, JFK)
Unload(C1, P1, JFK)


Solving Air Cargo Problem 1 using depth_first_graph_search...

Expansions   Goal Tests   New Nodes
    21          22          84

Plan length: 20  Time elapsed in seconds: 0.014143267995677888
Fly(P1, SFO, JFK)
Fly(P2, JFK, SFO)
Load(C2, P1, JFK)
Fly(P1, JFK, SFO)
Fly(P2, SFO, JFK)
Unload(C2, P1, SFO)
Fly(P1, SFO, JFK)
Fly(P2, JFK, SFO)
Load(C2, P2, SFO)
Fly(P1, JFK, SFO)
Load(C1, P2, SFO)
Fly(P2, SFO, JFK)
Fly(P1, SFO, JFK)
Unload(C2, P2, JFK)
Unload(C1, P2, JFK)
Fly(P2, JFK, SFO)
Load(C2, P1, JFK)
Fly(P1, JFK, SFO)
Fly(P2, SFO, JFK)
Unload(C2, P1, SFO)


Solving Air Cargo Problem 1 using astar_search with h_1...

Expansions   Goal Tests   New Nodes
    55          57         224

Plan length: 6  Time elapsed in seconds: 0.037771544011775404
Load(C1, P1, SFO)
Load(C2, P2, JFK)
Fly(P1, SFO, JFK)
Fly(P2, JFK, SFO)
Unload(C1, P1, JFK)
Unload(C2, P2, SFO)


Solving Air Cargo Problem 1 using astar_search with h_ignore_preconditions...

Expansions   Goal Tests   New Nodes
    41          43         170

Plan length: 6  Time elapsed in seconds: 0.037063380994368345
Load(C1, P1, SFO)
Fly(P1, SFO, JFK)
Unload(C1, P1, JFK)
Load(C2, P2, JFK)
Fly(P2, JFK, SFO)
Unload(C2, P2, SFO)


Solving Air Cargo Problem 1 using astar_search with h_pg_levelsum...

Expansions   Goal Tests   New Nodes
    11          13          50

Plan length: 6  Time elapsed in seconds: 0.5749169890186749
Load(C1, P1, SFO)
Fly(P1, SFO, JFK)
Load(C2, P2, JFK)
Fly(P2, JFK, SFO)
Unload(C1, P1, JFK)
Unload(C2, P2, SFO)


Solving Air Cargo Problem 2 using breadth_first_search...

Expansions   Goal Tests   New Nodes
   3346        4612       30534

Plan length: 9  Time elapsed in seconds: 15.422167637007078
Load(C1, P1, SFO)
Load(C2, P2, JFK)
Load(C3, P3, ATL)
Fly(P1, SFO, JFK)
Unload(C1, P1, JFK)
Fly(P2, JFK, SFO)
Unload(C2, P2, SFO)
Fly(P3, ATL, SFO)
Unload(C3, P3, SFO)


Solving Air Cargo Problem 2 using depth_first_graph_search...

Expansions   Goal Tests   New Nodes
   107         108         959

Plan length: 105  Time elapsed in seconds: 0.3803772449900862
Fly(P3, ATL, JFK)
Fly(P2, JFK, ATL)
Fly(P3, JFK, SFO)
Fly(P2, ATL, SFO)
Fly(P1, SFO, ATL)
Fly(P3, SFO, ATL)
Fly(P1, ATL, JFK)
Fly(P3, ATL, JFK)
Load(C2, P3, JFK)
Fly(P3, JFK, ATL)
Fly(P1, JFK, ATL)
Fly(P3, ATL, SFO)
Fly(P1, ATL, SFO)
Fly(P2, SFO, ATL)
Fly(P3, SFO, ATL)
Fly(P2, ATL, JFK)
Unload(C2, P3, ATL)
Fly(P3, ATL, JFK)
Fly(P2, JFK, ATL)
Fly(P3, JFK, SFO)
Fly(P2, ATL, SFO)
Fly(P1, SFO, ATL)
Fly(P3, SFO, JFK)
Fly(P1, ATL, JFK)
Load(C1, P2, SFO)
Fly(P3, JFK, ATL)
Fly(P1, JFK, ATL)
Fly(P2, SFO, ATL)
Fly(P3, ATL, JFK)
Fly(P2, ATL, JFK)
Fly(P1, ATL, SFO)
Fly(P3, JFK, ATL)
Unload(C1, P2, JFK)
Fly(P3, ATL, SFO)
Fly(P2, JFK, ATL)
Fly(P1, SFO, ATL)
Fly(P2, ATL, SFO)
Fly(P1, ATL, JFK)
Fly(P3, SFO, ATL)
Fly(P2, SFO, ATL)
Fly(P3, ATL, JFK)
Fly(P2, ATL, JFK)
Load(C1, P3, JFK)
Fly(P3, JFK, ATL)
Fly(P2, JFK, ATL)
Fly(P3, ATL, SFO)
Fly(P1, JFK, ATL)
Fly(P2, ATL, JFK)
Load(C3, P1, ATL)
Fly(P1, ATL, JFK)
Fly(P2, JFK, ATL)
Fly(P1, JFK, SFO)
Fly(P2, ATL, SFO)
Fly(P3, SFO, ATL)
Fly(P1, SFO, ATL)
Fly(P3, ATL, JFK)
Fly(P1, ATL, JFK)
Unload(C3, P1, JFK)
Fly(P3, JFK, ATL)
Fly(P1, JFK, ATL)
Fly(P3, ATL, SFO)
Fly(P1, ATL, SFO)
Fly(P2, SFO, ATL)
Fly(P3, SFO, ATL)
Fly(P2, ATL, JFK)
Fly(P3, ATL, JFK)
Fly(P1, SFO, ATL)
Fly(P2, JFK, ATL)
Unload(C1, P3, JFK)
Fly(P1, ATL, JFK)
Fly(P2, ATL, JFK)
Fly(P3, JFK, ATL)
Fly(P1, JFK, ATL)
Fly(P3, ATL, SFO)
Fly(P1, ATL, SFO)
Fly(P2, JFK, ATL)
Fly(P3, SFO, ATL)
Fly(P2, ATL, SFO)
Fly(P3, ATL, JFK)
Load(C3, P3, JFK)
Fly(P3, JFK, ATL)
Fly(P2, SFO, ATL)
Fly(P3, ATL, SFO)
Fly(P2, ATL, JFK)
Fly(P1, SFO, ATL)
Fly(P2, JFK, SFO)
Fly(P1, ATL, JFK)
Unload(C3, P3, SFO)
Fly(P1, JFK, SFO)
Fly(P3, SFO, ATL)
Fly(P2, SFO, ATL)
Fly(P3, ATL, JFK)
Fly(P2, ATL, JFK)
Fly(P1, SFO, ATL)
Fly(P3, JFK, ATL)
Fly(P1, ATL, JFK)
Load(C2, P3, ATL)
Fly(P3, ATL, JFK)
Fly(P2, JFK, ATL)
Fly(P1, JFK, ATL)
Fly(P2, ATL, SFO)
Fly(P1, ATL, SFO)
Fly(P3, JFK, SFO)
Fly(P2, SFO, ATL)
Unload(C2, P3, SFO)


Solving Air Cargo Problem 2 using astar_search with h_1...

Expansions   Goal Tests   New Nodes
   4853        4855       44041

Plan length: 9  Time elapsed in seconds: 14.068826963019092
Load(C1, P1, SFO)
Load(C2, P2, JFK)
Load(C3, P3, ATL)
Fly(P1, SFO, JFK)
Fly(P2, JFK, SFO)
Fly(P3, ATL, SFO)
Unload(C3, P3, SFO)
Unload(C2, P2, SFO)
Unload(C1, P1, JFK)


Solving Air Cargo Problem 2 using astar_search with h_ignore_preconditions...

Expansions   Goal Tests   New Nodes
   1450        1452       13303

Plan length: 9  Time elapsed in seconds: 4.7732505629828665
Load(C3, P3, ATL)
Fly(P3, ATL, SFO)
Unload(C3, P3, SFO)
Load(C2, P2, JFK)
Fly(P2, JFK, SFO)
Unload(C2, P2, SFO)
Load(C1, P1, SFO)
Fly(P1, SFO, JFK)
Unload(C1, P1, JFK)


Solving Air Cargo Problem 2 using astar_search with h_pg_levelsum...

Expansions   Goal Tests   New Nodes
    86          88         841

Plan length: 9  Time elapsed in seconds: 56.69311063198256
Load(C1, P1, SFO)
Fly(P1, SFO, JFK)
Load(C2, P2, JFK)
Fly(P2, JFK, SFO)
Load(C3, P3, ATL)
Fly(P3, ATL, SFO)
Unload(C3, P3, SFO)
Unload(C2, P2, SFO)
Unload(C1, P1, JFK)


Solving Air Cargo Problem 3 using breadth_first_search...

Expansions   Goal Tests   New Nodes
  14663       18098       129631

Plan length: 12  Time elapsed in seconds: 127.4830115379882
Load(C1, P1, SFO)
Load(C2, P2, JFK)
Fly(P2, JFK, ORD)
Load(C4, P2, ORD)
Fly(P1, SFO, ATL)
Load(C3, P1, ATL)
Fly(P1, ATL, JFK)
Unload(C1, P1, JFK)
Unload(C3, P1, JFK)
Fly(P2, ORD, SFO)
Unload(C2, P2, SFO)
Unload(C4, P2, SFO)


Solving Air Cargo Problem 3 using depth_first_graph_search...

Expansions   Goal Tests   New Nodes
   408         409         3364

Plan length: 392  Time elapsed in seconds: 2.0635967099806294
Fly(P1, SFO, ORD)
Fly(P2, JFK, ORD)
Fly(P1, ORD, ATL)
Fly(P2, ORD, ATL)
Fly(P1, ATL, JFK)
Fly(P2, ATL, SFO)
Load(C2, P1, JFK)
Fly(P2, SFO, ORD)
Fly(P1, JFK, ORD)
Fly(P2, ORD, ATL)
Fly(P1, ORD, ATL)
Fly(P2, ATL, JFK)
Fly(P1, ATL, SFO)
Unload(C2, P1, SFO)
Fly(P1, SFO, ORD)
Fly(P2, JFK, ORD)
Fly(P1, ORD, ATL)
Fly(P2, ORD, ATL)
Fly(P1, ATL, JFK)
Fly(P2, ATL, SFO)
Load(C2, P2, SFO)
Fly(P2, SFO, ORD)
Fly(P1, JFK, ORD)
Fly(P2, ORD, ATL)
Fly(P1, ORD, ATL)
Fly(P2, ATL, JFK)
Load(C3, P1, ATL)
Fly(P1, ATL, ORD)
Fly(P2, JFK, ORD)
Fly(P1, ORD, SFO)
Fly(P2, ORD, ATL)
Fly(P1, SFO, JFK)
Fly(P2, ATL, SFO)
Unload(C3, P1, JFK)
Fly(P2, SFO, ORD)
Fly(P1, JFK, ORD)
Fly(P2, ORD, ATL)
Fly(P1, ORD, ATL)
Fly(P2, ATL, JFK)
Fly(P1, ATL, SFO)
Unload(C2, P2, JFK)
Fly(P1, SFO, ORD)
Fly(P2, JFK, ORD)
Fly(P1, ORD, ATL)
Fly(P2, ORD, ATL)
Fly(P1, ATL, JFK)
Fly(P2, ATL, SFO)
Load(C3, P1, JFK)
Fly(P2, SFO, ORD)
Fly(P1, JFK, ORD)
Fly(P2, ORD, ATL)
Fly(P1, ORD, SFO)
Fly(P2, ATL, JFK)
Unload(C3, P1, SFO)
Fly(P1, SFO, ORD)
Fly(P2, JFK, ORD)
Fly(P1, ORD, ATL)
Fly(P2, ORD, ATL)
Fly(P1, ATL, JFK)
Fly(P2, ATL, SFO)
Load(C3, P2, SFO)
Fly(P2, SFO, ORD)
Fly(P1, JFK, ORD)
Fly(P2, ORD, ATL)
Fly(P1, ORD, SFO)
Load(C1, P1, SFO)
Fly(P2, ATL, ORD)
Fly(P1, SFO, ORD)
Fly(P2, ORD, SFO)
Fly(P1, ORD, ATL)
Fly(P2, SFO, JFK)
Fly(P1, ATL, JFK)
Unload(C3, P2, JFK)
Fly(P2, JFK, ORD)
Fly(P1, JFK, ORD)
Fly(P2, ORD, ATL)
Fly(P1, ORD, ATL)
Fly(P2, ATL, SFO)
Unload(C1, P1, ATL)
Fly(P1, ATL, ORD)
Fly(P2, SFO, ORD)
Fly(P1, ORD, SFO)
Fly(P2, ORD, ATL)
Fly(P1, SFO, JFK)
Fly(P2, ATL, JFK)
Load(C3, P2, JFK)
Fly(P2, JFK, ORD)
Fly(P1, JFK, ORD)
Fly(P2, ORD, ATL)
Fly(P1, ORD, ATL)
Unload(C3, P2, ATL)
Fly(P2, ATL, ORD)
Fly(P1, ATL, ORD)
Fly(P2, ORD, SFO)
Fly(P1, ORD, SFO)
Fly(P2, SFO, JFK)
Fly(P1, SFO, JFK)
Load(C2, P2, JFK)
Fly(P2, JFK, ORD)
Fly(P1, JFK, ORD)
Fly(P2, ORD, ATL)
Fly(P1, ORD, ATL)
Fly(P2, ATL, SFO)
Fly(P1, ATL, SFO)
Unload(C2, P2, SFO)
Fly(P2, SFO, ORD)
Fly(P1, SFO, ORD)
Fly(P2, ORD, ATL)
Fly(P1, ORD, ATL)
Fly(P2, ATL, JFK)
Load(C3, P1, ATL)
Fly(P1, ATL, ORD)
Fly(P2, JFK, ORD)
Fly(P1, ORD, SFO)
Fly(P2, ORD, ATL)
Fly(P1, SFO, JFK)
Fly(P2, ATL, SFO)
Unload(C3, P1, JFK)
Fly(P2, SFO, ORD)
Fly(P1, JFK, ORD)
Fly(P2, ORD, ATL)
Fly(P1, ORD, ATL)
Fly(P2, ATL, JFK)
Fly(P1, ATL, SFO)
Load(C3, P2, JFK)
Fly(P1, SFO, ORD)
Fly(P2, JFK, ORD)
Fly(P1, ORD, ATL)
Fly(P2, ORD, SFO)
Fly(P1, ATL, JFK)
Fly(P2, SFO, ATL)
Load(C1, P2, ATL)
Fly(P2, ATL, ORD)
Fly(P1, JFK, ORD)
Fly(P2, ORD, SFO)
Fly(P1, ORD, ATL)
Fly(P2, SFO, JFK)
Fly(P1, ATL, SFO)
Unload(C3, P2, JFK)
Fly(P1, SFO, ORD)
Fly(P2, JFK, ORD)
Fly(P1, ORD, ATL)
Fly(P2, ORD, SFO)
Fly(P1, ATL, JFK)
Load(C3, P1, JFK)
Fly(P2, SFO, ORD)
Fly(P1, JFK, ORD)
Fly(P2, ORD, ATL)
Fly(P1, ORD, ATL)
Fly(P2, ATL, JFK)
Fly(P1, ATL, SFO)
Unload(C3, P1, SFO)
Fly(P1, SFO, ORD)
Fly(P2, JFK, ORD)
Fly(P1, ORD, ATL)
Fly(P2, ORD, ATL)
Fly(P1, ATL, JFK)
Fly(P2, ATL, SFO)
Unload(C1, P2, SFO)
Fly(P2, SFO, ORD)
Fly(P1, JFK, ORD)
Fly(P2, ORD, ATL)
Fly(P1, ORD, ATL)
Fly(P2, ATL, JFK)
Fly(P1, ATL, SFO)
Load(C3, P1, SFO)
Fly(P1, SFO, ORD)
Fly(P2, JFK, ORD)
Fly(P1, ORD, JFK)
Fly(P2, ORD, ATL)
Unload(C3, P1, JFK)
Fly(P2, ATL, JFK)
Fly(P1, JFK, ORD)
Fly(P2, JFK, ORD)
Fly(P1, ORD, ATL)
Load(C4, P2, ORD)
Fly(P2, ORD, ATL)
Fly(P1, ATL, ORD)
Fly(P2, ATL, SFO)
Fly(P1, ORD, SFO)
Fly(P2, SFO, JFK)
Fly(P1, SFO, JFK)
Unload(C4, P2, JFK)
Fly(P2, JFK, ORD)
Fly(P1, JFK, ORD)
Fly(P2, ORD, ATL)
Fly(P1, ORD, ATL)
Fly(P2, ATL, SFO)
Fly(P1, ATL, SFO)
Load(C2, P2, SFO)
Fly(P2, SFO, ORD)
Fly(P1, SFO, ORD)
Fly(P2, ORD, ATL)
Fly(P1, ORD, ATL)
Fly(P2, ATL, JFK)
Fly(P1, ATL, JFK)
Unload(C2, P2, JFK)
Fly(P2, JFK, ORD)
Fly(P1, JFK, ORD)
Fly(P2, ORD, ATL)
Fly(P1, ORD, ATL)
Fly(P2, ATL, SFO)
Fly(P1, ATL, SFO)
Load(C1, P2, SFO)
Fly(P2, SFO, ORD)
Fly(P1, SFO, ORD)
Fly(P2, ORD, ATL)
Fly(P1, ORD, ATL)
Fly(P2, ATL, JFK)
Fly(P1, ATL, JFK)
Unload(C1, P2, JFK)
Fly(P2, JFK, ORD)
Load(C4, P1, JFK)
Fly(P2, ORD, ATL)
Fly(P1, JFK, ORD)
Fly(P2, ATL, SFO)
Fly(P1, ORD, ATL)
Fly(P2, SFO, JFK)
Fly(P1, ATL, SFO)
Unload(C4, P1, SFO)
Fly(P1, SFO, ORD)
Fly(P2, JFK, ORD)
Fly(P1, ORD, ATL)
Fly(P2, ORD, ATL)
Fly(P1, ATL, JFK)
Fly(P2, ATL, SFO)
Load(C4, P2, SFO)
Fly(P2, SFO, ORD)
Fly(P1, JFK, ORD)
Fly(P2, ORD, ATL)
Fly(P1, ORD, ATL)
Fly(P2, ATL, JFK)
Fly(P1, ATL, SFO)
Load(C3, P2, JFK)
Fly(P1, SFO, ORD)
Fly(P2, JFK, ORD)
Fly(P1, ORD, ATL)
Fly(P2, ORD, ATL)
Fly(P1, ATL, JFK)
Fly(P2, ATL, SFO)
Unload(C4, P2, SFO)
Fly(P2, SFO, ORD)
Fly(P1, JFK, ORD)
Fly(P2, ORD, ATL)
Fly(P1, ORD, ATL)
Fly(P2, ATL, JFK)
Load(C2, P2, JFK)
Fly(P1, ATL, ORD)
Fly(P2, JFK, ORD)
Fly(P1, ORD, SFO)
Fly(P2, ORD, ATL)
Fly(P1, SFO, JFK)
Fly(P2, ATL, SFO)
Unload(C3, P2, SFO)
Fly(P2, SFO, ORD)
Fly(P1, JFK, ORD)
Fly(P2, ORD, ATL)
Fly(P1, ORD, ATL)
Fly(P2, ATL, JFK)
Fly(P1, ATL, SFO)
Unload(C2, P2, JFK)
Fly(P1, SFO, ORD)
Fly(P2, JFK, ORD)
Fly(P1, ORD, ATL)
Fly(P2, ORD, ATL)
Fly(P1, ATL, JFK)
Load(C2, P1, JFK)
Fly(P2, ATL, ORD)
Fly(P1, JFK, ORD)
Fly(P2, ORD, SFO)
Fly(P1, ORD, ATL)
Fly(P2, SFO, JFK)
Fly(P1, ATL, SFO)
Unload(C2, P1, SFO)
Fly(P1, SFO, ORD)
Fly(P2, JFK, ORD)
Fly(P1, ORD, ATL)
Fly(P2, ORD, ATL)
Fly(P1, ATL, JFK)
Load(C1, P1, JFK)
Fly(P2, ATL, ORD)
Fly(P1, JFK, ORD)
Fly(P2, ORD, SFO)
Fly(P1, ORD, ATL)
Fly(P2, SFO, JFK)
Fly(P1, ATL, SFO)
Unload(C1, P1, SFO)
Fly(P1, SFO, ORD)
Fly(P2, JFK, ORD)
Fly(P1, ORD, ATL)
Fly(P2, ORD, ATL)
Fly(P1, ATL, JFK)
Fly(P2, ATL, SFO)
Load(C4, P2, SFO)
Fly(P2, SFO, ATL)
Fly(P1, JFK, ORD)
Fly(P2, ATL, JFK)
Fly(P1, ORD, ATL)
Fly(P2, JFK, ORD)
Fly(P1, ATL, SFO)
Load(C3, P1, SFO)
Fly(P2, ORD, ATL)
Fly(P1, SFO, ORD)
Fly(P2, ATL, SFO)
Fly(P1, ORD, ATL)
Fly(P2, SFO, JFK)
Unload(C4, P2, JFK)
Fly(P1, ATL, ORD)
Fly(P2, JFK, ORD)
Fly(P1, ORD, SFO)
Fly(P2, ORD, ATL)
Fly(P1, SFO, JFK)
Fly(P2, ATL, SFO)
Load(C4, P1, JFK)
Fly(P2, SFO, ORD)
Fly(P1, JFK, ATL)
Fly(P2, ORD, ATL)
Fly(P1, ATL, ORD)
Unload(C3, P1, ORD)
Fly(P1, ORD, ATL)
Fly(P2, ATL, ORD)
Fly(P1, ATL, SFO)
Fly(P2, ORD, SFO)
Fly(P1, SFO, JFK)
Fly(P2, SFO, JFK)
Unload(C4, P1, JFK)
Fly(P2, JFK, ORD)
Fly(P1, JFK, ATL)
Fly(P2, ORD, ATL)
Fly(P1, ATL, ORD)
Fly(P2, ATL, SFO)
Fly(P1, ORD, SFO)
Load(C2, P2, SFO)
Fly(P2, SFO, ORD)
Fly(P1, SFO, ORD)
Fly(P2, ORD, ATL)
Fly(P1, ORD, ATL)
Fly(P2, ATL, JFK)
Fly(P1, ATL, JFK)
Unload(C2, P2, JFK)
Fly(P2, JFK, ORD)
Fly(P1, JFK, ORD)
Fly(P2, ORD, ATL)
Fly(P1, ORD, ATL)
Fly(P2, ATL, SFO)
Fly(P1, ATL, SFO)
Load(C1, P2, SFO)
Fly(P2, SFO, ORD)
Fly(P1, SFO, ORD)
Fly(P2, ORD, ATL)
Fly(P1, ORD, ATL)
Fly(P2, ATL, JFK)
Fly(P1, ATL, JFK)
Unload(C1, P2, JFK)
Fly(P2, JFK, ORD)
Fly(P1, JFK, ORD)
Fly(P2, ORD, ATL)
Load(C3, P1, ORD)
Fly(P1, ORD, ATL)
Fly(P2, ATL, ORD)
Fly(P1, ATL, SFO)
Fly(P2, ORD, SFO)
Fly(P1, SFO, JFK)
Load(C4, P1, JFK)
Fly(P2, SFO, JFK)
Fly(P1, JFK, ORD)
Fly(P2, JFK, ORD)
Fly(P1, ORD, ATL)
Fly(P2, ORD, ATL)
Fly(P1, ATL, SFO)
Unload(C4, P1, SFO)
Fly(P2, ATL, ORD)
Fly(P1, SFO, ORD)
Fly(P2, ORD, SFO)
Fly(P1, ORD, ATL)
Fly(P2, SFO, JFK)
Fly(P1, ATL, JFK)
Load(C2, P2, JFK)
Fly(P2, JFK, ORD)
Fly(P1, JFK, ORD)
Fly(P2, ORD, ATL)
Fly(P1, ORD, ATL)
Fly(P2, ATL, SFO)
Fly(P1, ATL, SFO)
Unload(C2, P2, SFO)
Fly(P2, SFO, ORD)
Fly(P1, SFO, ORD)
Fly(P2, ORD, ATL)
Fly(P1, ORD, ATL)
Fly(P2, ATL, JFK)
Fly(P1, ATL, JFK)
Unload(C3, P1, JFK)


Solving Air Cargo Problem 3 using astar_search with h_1...

Expansions   Goal Tests   New Nodes
  18223       18225       159618

Plan length: 12  Time elapsed in seconds: 63.60666098201182
Load(C1, P1, SFO)
Load(C2, P2, JFK)
Fly(P1, SFO, ATL)
Load(C3, P1, ATL)
Fly(P2, JFK, ORD)
Load(C4, P2, ORD)
Fly(P2, ORD, SFO)
Fly(P1, ATL, JFK)
Unload(C4, P2, SFO)
Unload(C3, P1, JFK)
Unload(C2, P2, SFO)
Unload(C1, P1, JFK)


Solving Air Cargo Problem 3 using astar_search with h_ignore_preconditions...

Expansions   Goal Tests   New Nodes
   5040        5042       44944

Plan length: 12  Time elapsed in seconds: 22.228635648993077
Load(C2, P2, JFK)
Fly(P2, JFK, ORD)
Load(C4, P2, ORD)
Fly(P2, ORD, SFO)
Unload(C4, P2, SFO)
Load(C1, P1, SFO)
Fly(P1, SFO, ATL)
Load(C3, P1, ATL)
Fly(P1, ATL, JFK)
Unload(C3, P1, JFK)
Unload(C2, P2, SFO)
Unload(C1, P1, JFK)


Solving Air Cargo Problem 3 using astar_search with h_pg_levelsum...




Expansions   Goal Tests   New Nodes
   325         327         3002

Plan length: 12  Time elapsed in seconds: 306.2353400029824
Load(C2, P2, JFK)
Fly(P2, JFK, ORD)
Load(C4, P2, ORD)
Fly(P2, ORD, SFO)
Load(C1, P1, SFO)
Fly(P1, SFO, ATL)
Load(C3, P1, ATL)
Fly(P1, ATL, JFK)
Unload(C4, P2, SFO)
Unload(C3, P1, JFK)
Unload(C2, P2, SFO)
Unload(C1, P1, JFK)
